
Showing logs for build [32mcb-kubecd-environment-pr-201-1-qbgwh-1[0m stage [32mfrom-build-pack[0m and container [32mstep-credential-initializer-drbcd[0m
{"level":"warn","ts":1586946758.23849,"logger":"fallback-logger","caller":"logging/config.go:69","msg":"Fetch GitHub commit ID from kodata failed: \"ref: refs/heads/0.8.0-**-support-backwards-incompats\" is not a valid GitHub commit ID"}
{"level":"info","ts":1586946758.2394378,"logger":"fallback-logger","caller":"creds-init/main.go:40","msg":"Credentials initialized."}

Showing logs for build [32mcb-kubecd-environment-pr-201-1-qbgwh-1[0m stage [32mfrom-build-pack[0m and container [32mstep-working-dir-initializer-r2xn9[0m
{"level":"warn","ts":1586946759.5944245,"logger":"fallback-logger","caller":"logging/config.go:69","msg":"Fetch GitHub commit ID from kodata failed: open /var/run/ko/HEAD: no such file or directory"}
{"level":"info","ts":1586946759.5959234,"logger":"fallback-logger","caller":"bash/main.go:64","msg":"Successfully executed command \"sh -c mkdir -p /workspace/source\"; output "}

Showing logs for build [32mcb-kubecd-environment-pr-201-1-qbgwh-1[0m stage [32mfrom-build-pack[0m and container [32mstep-place-tools[0m

Showing logs for build [32mcb-kubecd-environment-pr-201-1-qbgwh-1[0m stage [32mfrom-build-pack[0m and container [32mstep-git-source-cb-kubecd-environment-pr-201-1-qbgwh-fgc6g[0m
{"level":"warn","ts":1586946764.739132,"logger":"fallback-logger","caller":"logging/config.go:69","msg":"Fetch GitHub commit ID from kodata failed: \"ref: refs/heads/0.8.0-**-support-backwards-incompats\" is not a valid GitHub commit ID"}
{"level":"info","ts":1586946765.7684865,"logger":"fallback-logger","caller":"git/git.go:103","msg":"Successfully cloned https://github.com/cb-kubecd/environment-pr-201-1-boot-gke-staging.git @ master in path /workspace/source"}

Showing logs for build [32mcb-kubecd-environment-pr-201-1-qbgwh-1[0m stage [32mfrom-build-pack[0m and container [32mstep-git-merge[0m
Using SHAs from PULL_REFS=master:e857555a9f013faf120a7a2a23c2fff07ba9442c,1:e8c15af4d589a503a322e622d9ff4e8ab3a9112c
DEBUG: LC_ALL=C JX_LOG_LEVEL=error git fetch origin --unshallow e8c15af4d589a503a322e622d9ff4e8ab3a9112c: e857555a9f013faf120a7a2a23c2fff07ba9442c:
DEBUG: ran git fetch --unshallow origin e8c15af4d589a503a322e622d9ff4e8ab3a9112c: e857555a9f013faf120a7a2a23c2fff07ba9442c: in 
DEBUG: LC_ALL=C JX_LOG_LEVEL=error git branch
DEBUG: LC_ALL=C JX_LOG_LEVEL=error git checkout master
DEBUG: ran git checkout master in 
DEBUG: LC_ALL=C JX_LOG_LEVEL=error git reset --hard e857555a9f013faf120a7a2a23c2fff07ba9442c
DEBUG: ran git reset --hard e857555a9f013faf120a7a2a23c2fff07ba9442c in 
DEBUG: JX_LOG_LEVEL=error LC_ALL=C git clean -fd .
DEBUG: ran clean --force -d . in 
DEBUG: JX_LOG_LEVEL=error LC_ALL=C git merge e8c15af4d589a503a322e622d9ff4e8ab3a9112c
DEBUG: ran git merge e8c15af4d589a503a322e622d9ff4e8ab3a9112c in 
DEBUG: LC_ALL=C JX_LOG_LEVEL=error git log --format=%H%x1f%an%x1f%ae%x1f%cn%x1f%ce%x1f%s%n%b%x1e e857555a9f013faf120a7a2a23c2fff07ba9442c..HEAD
Merged SHA e8c15af4d589a503a322e622d9ff4e8ab3a9112c with commit message 'chore: Promote bdd-spring-1586946422 to version 0.0.1' into base branch master

Showing logs for build [32mcb-kubecd-environment-pr-201-1-qbgwh-1[0m stage [32mfrom-build-pack[0m and container [32mstep-build-helm-build[0m
WARNING: No $CHART_REPOSITORY defined so using the default value of: http://jenkins-x-chartmuseum:8080
Adding missing Helm repo: storage.googleapis.com https://storage.googleapis.com/chartmuseum.jenkins-x.io
WARNING: No secrets found on "helm/repos" due: reading the secret "helm/repos" from vault: no secret "helm/repos" not found in vault
Read credentials for https://storage.googleapis.com/chartmuseum.jenkins-x.io from vault helm/repos
Successfully added Helm repository storage.googleapis.com.
Adding missing Helm repo: jenkins-x-chartmuseum http://jenkins-x-chartmuseum:8080
WARNING: No secrets found on "helm/repos" due: reading the secret "helm/repos" from vault: no secret "helm/repos" not found in vault
Read credentials for http://jenkins-x-chartmuseum:8080 from vault helm/repos
Successfully added Helm repository jenkins-x-chartmuseum.
WARNING: No $CHART_REPOSITORY defined so using the default value of: http://jenkins-x-chartmuseum:8080
Adding missing Helm repo: chartmuseum.jenkins-x.io http://chartmuseum.jenkins-x.io
WARNING: No secrets found on "helm/repos" due: reading the secret "helm/repos" from vault: no secret "helm/repos" not found in vault
Read credentials for http://chartmuseum.jenkins-x.io from vault helm/repos
Successfully added Helm repository chartmuseum.jenkins-x.io.
