
Showing logs for build [32mcb-kubecd-environment-pr-201-1-8mxwz-1[0m stage [32mfrom-build-pack[0m and container [32mstep-credential-initializer-klctp[0m
{"level":"warn","ts":1586947876.8125665,"logger":"fallback-logger","caller":"logging/config.go:69","msg":"Fetch GitHub commit ID from kodata failed: \"ref: refs/heads/0.8.0-**-support-backwards-incompats\" is not a valid GitHub commit ID"}
{"level":"info","ts":1586947876.813269,"logger":"fallback-logger","caller":"creds-init/main.go:40","msg":"Credentials initialized."}

Showing logs for build [32mcb-kubecd-environment-pr-201-1-8mxwz-1[0m stage [32mfrom-build-pack[0m and container [32mstep-working-dir-initializer-f7wv8[0m
{"level":"warn","ts":1586947878.348342,"logger":"fallback-logger","caller":"logging/config.go:69","msg":"Fetch GitHub commit ID from kodata failed: open /var/run/ko/HEAD: no such file or directory"}
{"level":"info","ts":1586947878.3537803,"logger":"fallback-logger","caller":"bash/main.go:64","msg":"Successfully executed command \"sh -c mkdir -p /workspace/source\"; output "}

Showing logs for build [32mcb-kubecd-environment-pr-201-1-8mxwz-1[0m stage [32mfrom-build-pack[0m and container [32mstep-place-tools[0m

Showing logs for build [32mcb-kubecd-environment-pr-201-1-8mxwz-1[0m stage [32mfrom-build-pack[0m and container [32mstep-git-source-cb-kubecd-environment-pr-201-1-8mxwz-qdj5q[0m
{"level":"warn","ts":1586947882.3971915,"logger":"fallback-logger","caller":"logging/config.go:69","msg":"Fetch GitHub commit ID from kodata failed: \"ref: refs/heads/0.8.0-**-support-backwards-incompats\" is not a valid GitHub commit ID"}
{"level":"info","ts":1586947883.4197662,"logger":"fallback-logger","caller":"git/git.go:103","msg":"Successfully cloned https://github.com/cb-kubecd/environment-pr-201-1-boot-gke-staging.git @ master in path /workspace/source"}

Showing logs for build [32mcb-kubecd-environment-pr-201-1-8mxwz-1[0m stage [32mfrom-build-pack[0m and container [32mstep-git-merge[0m
Using SHAs from PULL_REFS=master:b7a7bc3c397ba482f07360f5fcbe58428ddad54d,2:98a6bd80bf2cba6a28f94d4e7f8f3f282037336c
DEBUG: JX_LOG_LEVEL=error LC_ALL=C git fetch origin --unshallow 98a6bd80bf2cba6a28f94d4e7f8f3f282037336c: b7a7bc3c397ba482f07360f5fcbe58428ddad54d:
DEBUG: ran git fetch --unshallow origin 98a6bd80bf2cba6a28f94d4e7f8f3f282037336c: b7a7bc3c397ba482f07360f5fcbe58428ddad54d: in 
DEBUG: LC_ALL=C JX_LOG_LEVEL=error git branch
DEBUG: LC_ALL=C JX_LOG_LEVEL=error git checkout master
DEBUG: ran git checkout master in 
DEBUG: LC_ALL=C JX_LOG_LEVEL=error git reset --hard b7a7bc3c397ba482f07360f5fcbe58428ddad54d
DEBUG: ran git reset --hard b7a7bc3c397ba482f07360f5fcbe58428ddad54d in 
DEBUG: LC_ALL=C JX_LOG_LEVEL=error git clean -fd .
DEBUG: ran clean --force -d . in 
DEBUG: LC_ALL=C JX_LOG_LEVEL=error git merge 98a6bd80bf2cba6a28f94d4e7f8f3f282037336c
DEBUG: ran git merge 98a6bd80bf2cba6a28f94d4e7f8f3f282037336c in 
DEBUG: LC_ALL=C JX_LOG_LEVEL=error git log --format=%H%x1f%an%x1f%ae%x1f%cn%x1f%ce%x1f%s%n%b%x1e b7a7bc3c397ba482f07360f5fcbe58428ddad54d..HEAD
Merged SHA 98a6bd80bf2cba6a28f94d4e7f8f3f282037336c with commit message 'chore: Promote bdd-sbhg-1586947493 to version 0.0.1' into base branch master

Showing logs for build [32mcb-kubecd-environment-pr-201-1-8mxwz-1[0m stage [32mfrom-build-pack[0m and container [32mstep-build-helm-build[0m
WARNING: No $CHART_REPOSITORY defined so using the default value of: http://jenkins-x-chartmuseum:8080
Adding missing Helm repo: storage.googleapis.com https://storage.googleapis.com/chartmuseum.jenkins-x.io
WARNING: No secrets found on "helm/repos" due: reading the secret "helm/repos" from vault: no secret "helm/repos" not found in vault
Read credentials for https://storage.googleapis.com/chartmuseum.jenkins-x.io from vault helm/repos
Successfully added Helm repository storage.googleapis.com.
Adding missing Helm repo: jenkins-x-chartmuseum http://jenkins-x-chartmuseum:8080
WARNING: No secrets found on "helm/repos" due: reading the secret "helm/repos" from vault: no secret "helm/repos" not found in vault
Read credentials for http://jenkins-x-chartmuseum:8080 from vault helm/repos
Successfully added Helm repository jenkins-x-chartmuseum.
WARNING: No $CHART_REPOSITORY defined so using the default value of: http://jenkins-x-chartmuseum:8080
Adding missing Helm repo: chartmuseum.jenkins-x.io http://chartmuseum.jenkins-x.io
WARNING: No secrets found on "helm/repos" due: reading the secret "helm/repos" from vault: no secret "helm/repos" not found in vault
Read credentials for http://chartmuseum.jenkins-x.io from vault helm/repos
Successfully added Helm repository chartmuseum.jenkins-x.io.
