
Showing logs for build [32mcb-kubecd-environment-pr-201-1-scwd2-1[0m stage [32mfrom-build-pack[0m and container [32mstep-credential-initializer-x8rdx[0m
{"level":"warn","ts":1586951268.7885418,"logger":"fallback-logger","caller":"logging/config.go:69","msg":"Fetch GitHub commit ID from kodata failed: \"ref: refs/heads/0.8.0-**-support-backwards-incompats\" is not a valid GitHub commit ID"}
{"level":"info","ts":1586951268.7893958,"logger":"fallback-logger","caller":"creds-init/main.go:40","msg":"Credentials initialized."}

Showing logs for build [32mcb-kubecd-environment-pr-201-1-scwd2-1[0m stage [32mfrom-build-pack[0m and container [32mstep-working-dir-initializer-pfr9l[0m
{"level":"warn","ts":1586951269.4263158,"logger":"fallback-logger","caller":"logging/config.go:69","msg":"Fetch GitHub commit ID from kodata failed: open /var/run/ko/HEAD: no such file or directory"}
{"level":"info","ts":1586951269.4303606,"logger":"fallback-logger","caller":"bash/main.go:64","msg":"Successfully executed command \"sh -c mkdir -p /workspace/source\"; output "}

Showing logs for build [32mcb-kubecd-environment-pr-201-1-scwd2-1[0m stage [32mfrom-build-pack[0m and container [32mstep-place-tools[0m

Showing logs for build [32mcb-kubecd-environment-pr-201-1-scwd2-1[0m stage [32mfrom-build-pack[0m and container [32mstep-git-source-cb-kubecd-environment-pr-201-1-scwd2-x6jbq[0m
{"level":"warn","ts":1586951275.7697606,"logger":"fallback-logger","caller":"logging/config.go:69","msg":"Fetch GitHub commit ID from kodata failed: \"ref: refs/heads/0.8.0-**-support-backwards-incompats\" is not a valid GitHub commit ID"}
{"level":"info","ts":1586951276.8192737,"logger":"fallback-logger","caller":"git/git.go:103","msg":"Successfully cloned https://github.com/cb-kubecd/environment-pr-201-1-boot-gke-staging.git @ master in path /workspace/source"}

Showing logs for build [32mcb-kubecd-environment-pr-201-1-scwd2-1[0m stage [32mfrom-build-pack[0m and container [32mstep-git-merge[0m
Using SHAs from PULL_REFS=master:61d7ff37c83ecb8e988822641fc7c34265655368,7:0c5e86d89bdc21c75b010302ae5c57c5935e7266
DEBUG: LC_ALL=C JX_LOG_LEVEL=error git fetch origin --unshallow 0c5e86d89bdc21c75b010302ae5c57c5935e7266: 61d7ff37c83ecb8e988822641fc7c34265655368:
DEBUG: ran git fetch --unshallow origin 0c5e86d89bdc21c75b010302ae5c57c5935e7266: 61d7ff37c83ecb8e988822641fc7c34265655368: in 
DEBUG: LC_ALL=C JX_LOG_LEVEL=error git branch
DEBUG: LC_ALL=C JX_LOG_LEVEL=error git checkout master
DEBUG: ran git checkout master in 
DEBUG: LC_ALL=C JX_LOG_LEVEL=error git reset --hard 61d7ff37c83ecb8e988822641fc7c34265655368
DEBUG: ran git reset --hard 61d7ff37c83ecb8e988822641fc7c34265655368 in 
DEBUG: LC_ALL=C JX_LOG_LEVEL=error git clean -fd .
DEBUG: ran clean --force -d . in 
DEBUG: LC_ALL=C JX_LOG_LEVEL=error git merge 0c5e86d89bdc21c75b010302ae5c57c5935e7266
DEBUG: ran git merge 0c5e86d89bdc21c75b010302ae5c57c5935e7266 in 
DEBUG: LC_ALL=C JX_LOG_LEVEL=error git log --format=%H%x1f%an%x1f%ae%x1f%cn%x1f%ce%x1f%s%n%b%x1e 61d7ff37c83ecb8e988822641fc7c34265655368..HEAD
Merged SHA 0c5e86d89bdc21c75b010302ae5c57c5935e7266 with commit message 'chore: Promote bdd-sbrp-import-1586949778 to version 0.0.1' into base branch master

Showing logs for build [32mcb-kubecd-environment-pr-201-1-scwd2-1[0m stage [32mfrom-build-pack[0m and container [32mstep-build-helm-build[0m
WARNING: No $CHART_REPOSITORY defined so using the default value of: http://jenkins-x-chartmuseum:8080
Adding missing Helm repo: storage.googleapis.com https://storage.googleapis.com/chartmuseum.jenkins-x.io
WARNING: No secrets found on "helm/repos" due: reading the secret "helm/repos" from vault: no secret "helm/repos" not found in vault
Read credentials for https://storage.googleapis.com/chartmuseum.jenkins-x.io from vault helm/repos
Successfully added Helm repository storage.googleapis.com.
Adding missing Helm repo: jenkins-x-chartmuseum http://jenkins-x-chartmuseum:8080
WARNING: No secrets found on "helm/repos" due: reading the secret "helm/repos" from vault: no secret "helm/repos" not found in vault
Read credentials for http://jenkins-x-chartmuseum:8080 from vault helm/repos
Successfully added Helm repository jenkins-x-chartmuseum.
WARNING: No $CHART_REPOSITORY defined so using the default value of: http://jenkins-x-chartmuseum:8080
Adding missing Helm repo: chartmuseum.jenkins-x.io http://chartmuseum.jenkins-x.io
WARNING: No secrets found on "helm/repos" due: reading the secret "helm/repos" from vault: no secret "helm/repos" not found in vault
Read credentials for http://chartmuseum.jenkins-x.io from vault helm/repos
Successfully added Helm repository chartmuseum.jenkins-x.io.
